# JRE version: Java(TM) SE Runtime Environment (8.0_151-b12) (build 1.8.0_151-b12)
# Java VM: Java HotSpot(TM) Client VM (25.151-b12 mixed mode windows-x86 )
Heap:
 def new generation   total 8384K, used 901K [0x06e00000, 0x07710000, 0x0c350000)
  eden space 7488K,  12% used [0x06e00000, 0x06ee0b80, 0x07550000)
  from space 896K,   0% used [0x07630000, 0x07630970, 0x07710000)
  to   space 896K,   0% used [0x07550000, 0x07550000, 0x07630000)
 tenured generation   total 18456K, used 15518K [0x0c350000, 0x0d556000, 0x16e00000)
   the space 18456K,  84% used [0x0c350000, 0x0d2779b8, 0x0d277a00, 0x0d556000)
 Metaspace       used 14105K, capacity 14325K, committed 14464K, reserved 14720K
GC Heap History (10 events):
Event: 381.785 GC heap before
{Heap before GC invocations=16588 (full 1):
 def new generation   total 8384K, used 7491K [0x06e00000, 0x07710000, 0x0c350000)
  eden space 7488K, 100% used [0x06e00000, 0x07550000, 0x07550000)
  from space 896K,   0% used [0x07550000, 0x07550c50, 0x07630000)
  to   space 896K,   0% used [0x07630000, 0x07630000, 0x07710000)
 tenured generation   total 18456K, used 15518K [0x0c350000, 0x0d556000, 0x16e00000)
   the space 18456K,  84% used [0x0c350000, 0x0d277998, 0x0d277a00, 0x0d556000)
 Metaspace       used 14104K, capacity 14325K, committed 14464K, reserved 14720K
Event: 381.786 GC heap after
Heap after GC invocations=16589 (full 1):
 def new generation   total 8384K, used 2K [0x06e00000, 0x07710000, 0x0c350000)
  eden space 7488K,   0% used [0x06e00000, 0x06e00000, 0x07550000)
  from space 896K,   0% used [0x07630000, 0x07630b50, 0x07710000)
  to   space 896K,   0% used [0x07550000, 0x07550000, 0x07630000)
 tenured generation   total 18456K, used 15518K [0x0c350000, 0x0d556000, 0x16e00000)
   the space 18456K,  84% used [0x0c350000, 0x0d2779b8, 0x0d277a00, 0x0d556000)
 Metaspace       used 14104K, capacity 14325K, committed 14464K, reserved 14720K
}
Event: 381.817 GC heap before
{Heap before GC invocations=16589 (full 1):
 def new generation   total 8384K, used 7490K [0x06e00000, 0x07710000, 0x0c350000)
  eden space 7488K, 100% used [0x06e00000, 0x07550000, 0x07550000)
  from space 896K,   0% used [0x07630000, 0x07630b50, 0x07710000)
  to   space 896K,   0% used [0x07550000, 0x07550000, 0x07630000)
 tenured generation   total 18456K, used 15518K [0x0c350000, 0x0d556000, 0x16e00000)
   the space 18456K,  84% used [0x0c350000, 0x0d2779b8, 0x0d277a00, 0x0d556000)
 Metaspace       used 14104K, capacity 14325K, committed 14464K, reserved 14720K
Event: 381.818 GC heap after
Heap after GC invocations=16590 (full 1):
 def new generation   total 8384K, used 2K [0x06e00000, 0x07710000, 0x0c350000)
  eden space 7488K,   0% used [0x06e00000, 0x06e00000, 0x07550000)
  from space 896K,   0% used [0x07550000, 0x07550b08, 0x07630000)
  to   space 896K,   0% used [0x07630000, 0x07630000, 0x07710000)
 tenured generation   total 18456K, used 15518K [0x0c350000, 0x0d556000, 0x16e00000)
   the space 18456K,  84% used [0x0c350000, 0x0d2779b8, 0x0d277a00, 0x0d556000)
 Metaspace       used 14104K, capacity 14325K, committed 14464K, reserved 14720K
}
Event: 381.853 GC heap before
{Heap before GC invocations=16590 (full 1):
 def new generation   total 8384K, used 7490K [0x06e00000, 0x07710000, 0x0c350000)
  eden space 7488K, 100% used [0x06e00000, 0x07550000, 0x07550000)
  from space 896K,   0% used [0x07550000, 0x07550b08, 0x07630000)
  to   space 896K,   0% used [0x07630000, 0x07630000, 0x07710000)
 tenured generation   total 18456K, used 15518K [0x0c350000, 0x0d556000, 0x16e00000)
   the space 18456K,  84% used [0x0c350000, 0x0d2779b8, 0x0d277a00, 0x0d556000)
 Metaspace       used 14104K, capacity 14325K, committed 14464K, reserved 14720K
Event: 381.854 GC heap after
Heap after GC invocations=16591 (full 1):
 def new generation   total 8384K, used 3K [0x06e00000, 0x07710000, 0x0c350000)
  eden space 7488K,   0% used [0x06e00000, 0x06e00000, 0x07550000)
  from space 896K,   0% used [0x07630000, 0x07630fe0, 0x07710000)
  to   space 896K,   0% used [0x07550000, 0x07550000, 0x07630000)
 tenured generation   total 18456K, used 15518K [0x0c350000, 0x0d556000, 0x16e00000)
   the space 18456K,  84% used [0x0c350000, 0x0d2779b8, 0x0d277a00, 0x0d556000)
 Metaspace       used 14104K, capacity 14325K, committed 14464K, reserved 14720K
}
Event: 381.885 GC heap before
{Heap before GC invocations=16591 (full 1):
 def new generation   total 8384K, used 7491K [0x06e00000, 0x07710000, 0x0c350000)
  eden space 7488K, 100% used [0x06e00000, 0x07550000, 0x07550000)
  from space 896K,   0% used [0x07630000, 0x07630fe0, 0x07710000)
  to   space 896K,   0% used [0x07550000, 0x07550000, 0x07630000)
 tenured generation   total 18456K, used 15518K [0x0c350000, 0x0d556000, 0x16e00000)
   the space 18456K,  84% used [0x0c350000, 0x0d2779b8, 0x0d277a00, 0x0d556000)
 Metaspace       used 14104K, capacity 14325K, committed 14464K, reserved 14720K
Event: 381.886 GC heap after
Heap after GC invocations=16592 (full 1):
 def new generation   total 8384K, used 3K [0x06e00000, 0x07710000, 0x0c350000)
  eden space 7488K,   0% used [0x06e00000, 0x06e00000, 0x07550000)
  from space 896K,   0% used [0x07550000, 0x07550df0, 0x07630000)
  to   space 896K,   0% used [0x07630000, 0x07630000, 0x07710000)
 tenured generation   total 18456K, used 15518K [0x0c350000, 0x0d556000, 0x16e00000)
   the space 18456K,  84% used [0x0c350000, 0x0d2779b8, 0x0d277a00, 0x0d556000)
 Metaspace       used 14104K, capacity 14325K, committed 14464K, reserved 14720K
}
Event: 381.933 GC heap before
{Heap before GC invocations=16592 (full 1):
 def new generation   total 8384K, used 7491K [0x06e00000, 0x07710000, 0x0c350000)
  eden space 7488K, 100% used [0x06e00000, 0x07550000, 0x07550000)
  from space 896K,   0% used [0x07550000, 0x07550df0, 0x07630000)
  to   space 896K,   0% used [0x07630000, 0x07630000, 0x07710000)
 tenured generation   total 18456K, used 15518K [0x0c350000, 0x0d556000, 0x16e00000)
   the space 18456K,  84% used [0x0c350000, 0x0d2779b8, 0x0d277a00, 0x0d556000)
 Metaspace       used 14105K, capacity 14325K, committed 14464K, reserved 14720K
Event: 381.934 GC heap after
Heap after GC invocations=16593 (full 1):
 def new generation   total 8384K, used 2K [0x06e00000, 0x07710000, 0x0c350000)
  eden space 7488K,   0% used [0x06e00000, 0x06e00000, 0x07550000)
  from space 896K,   0% used [0x07630000, 0x07630b90, 0x07710000)
  to   space 896K,   0% used [0x07550000, 0x07550000, 0x07630000)
 tenured generation   total 18456K, used 15518K [0x0c350000, 0x0d556000, 0x16e00000)
   the space 18456K,  84% used [0x0c350000, 0x0d2779b8, 0x0d277a00, 0x0d556000)
 Metaspace       used 14105K, capacity 14325K, committed 14464K, reserved 14720K
}

